<?xml version="1.0" encoding="UTF-8"?>
<coverage generated="1705521682">
  <project timestamp="1705521682">
    <package name="flight">
      <file name="/home/austin/projects/flightphp-active-record/src/ActiveRecord.php">
        <class name="flight\ActiveRecord" namespace="flight">
          <metrics complexity="70" methods="21" coveredmethods="14" conditionals="0" coveredconditionals="0" statements="112" coveredstatements="100" elements="133" coveredelements="114"/>
        </class>
        <line num="111" type="method" name="reset" visibility="public" complexity="1" crap="1" count="7"/>
        <line num="113" type="stmt" count="7"/>
        <line num="114" type="stmt" count="7"/>
        <line num="115" type="stmt" count="7"/>
        <line num="122" type="method" name="dirty" visibility="public" complexity="1" crap="1" count="7"/>
        <line num="124" type="stmt" count="7"/>
        <line num="125" type="stmt" count="7"/>
        <line num="131" type="method" name="setDb" visibility="public" complexity="1" crap="2" count="0"/>
        <line num="133" type="stmt" count="0"/>
        <line num="134" type="stmt" count="0"/>
        <line num="140" type="method" name="find" visibility="public" complexity="2" crap="2" count="5"/>
        <line num="142" type="stmt" count="5"/>
        <line num="143" type="stmt" count="1"/>
        <line num="145" type="stmt" count="5"/>
        <line num="151" type="method" name="findAll" visibility="public" complexity="1" crap="1" count="2"/>
        <line num="153" type="stmt" count="2"/>
        <line num="159" type="method" name="delete" visibility="public" complexity="1" crap="1" count="1"/>
        <line num="161" type="stmt" count="1"/>
        <line num="167" type="method" name="update" visibility="public" complexity="4" crap="4.37" count="1"/>
        <line num="169" type="stmt" count="1"/>
        <line num="170" type="stmt" count="0"/>
        <line num="172" type="stmt" count="1"/>
        <line num="173" type="stmt" count="1"/>
        <line num="175" type="stmt" count="1"/>
        <line num="176" type="stmt" count="1"/>
        <line num="178" type="stmt" count="0"/>
        <line num="184" type="method" name="insert" visibility="public" complexity="3" crap="3.07" count="7"/>
        <line num="186" type="stmt" count="7"/>
        <line num="187" type="stmt" count="0"/>
        <line num="189" type="stmt" count="7"/>
        <line num="190" type="stmt" count="7"/>
        <line num="191" type="stmt" count="7"/>
        <line num="192" type="stmt" count="7"/>
        <line num="193" type="stmt" count="7"/>
        <line num="194" type="stmt" count="7"/>
        <line num="195" type="stmt" count="7"/>
        <line num="197" type="stmt" count="0"/>
        <line num="205" type="method" name="execute" visibility="public" complexity="3" crap="3.21" count="8"/>
        <line num="207" type="stmt" count="8"/>
        <line num="209" type="stmt" count="8"/>
        <line num="210" type="stmt" count="0"/>
        <line num="213" type="stmt" count="8"/>
        <line num="214" type="stmt" count="8"/>
        <line num="215" type="stmt" count="0"/>
        <line num="217" type="stmt" count="8"/>
        <line num="227" type="method" name="_query" visibility="public" complexity="6" crap="6.03" count="5"/>
        <line num="229" type="stmt" count="5"/>
        <line num="230" type="stmt" count="5"/>
        <line num="231" type="stmt" count="5"/>
        <line num="232" type="stmt" count="5"/>
        <line num="233" type="stmt" count="5"/>
        <line num="234" type="stmt" count="5"/>
        <line num="236" type="stmt" count="2"/>
        <line num="237" type="stmt" count="2"/>
        <line num="238" type="stmt" count="2"/>
        <line num="240" type="stmt" count="2"/>
        <line num="242" type="stmt" count="0"/>
        <line num="252" type="stmt" count="3"/>
        <line num="253" type="stmt" count="3"/>
        <line num="254" type="stmt" count="2"/>
        <line num="256" type="stmt" count="3"/>
        <line num="257" type="stmt" count="3"/>
        <line num="258" type="stmt" count="2"/>
        <line num="259" type="stmt" count="2"/>
        <line num="262" type="stmt" count="3"/>
        <line num="263" type="stmt" count="3"/>
        <line num="264" type="stmt" count="2"/>
        <line num="265" type="stmt" count="3"/>
        <line num="266" type="stmt" count="2"/>
        <line num="267" type="stmt" count="2"/>
        <line num="268" type="stmt" count="2"/>
        <line num="269" type="stmt" count="1"/>
        <line num="272" type="stmt" count="3"/>
        <line num="273" type="stmt" count="3"/>
        <line num="275" type="stmt" count="0"/>
        <line num="277" type="stmt" count="3"/>
        <line num="286" type="method" name="_buildSqlCallback" visibility="private" complexity="8" crap="8" count="7"/>
        <line num="288" type="stmt" count="7"/>
        <line num="289" type="stmt" count="4"/>
        <line num="290" type="stmt" count="7"/>
        <line num="291" type="stmt" count="6"/>
        <line num="292" type="stmt" count="7"/>
        <line num="293" type="stmt" count="1"/>
        <line num="295" type="stmt" count="7"/>
        <line num="297" type="stmt" count="7"/>
        <line num="303" type="method" name="_buildSql" visibility="protected" complexity="1" crap="1" count="7"/>
        <line num="305" type="stmt" count="7"/>
        <line num="308" type="stmt" count="7"/>
        <line num="317" type="method" name="__call" visibility="public" complexity="7" crap="7.77" count="6"/>
        <line num="319" type="stmt" count="6"/>
        <line num="320" type="stmt" count="0"/>
        <line num="322" type="stmt" count="6"/>
        <line num="323" type="stmt" count="5"/>
        <line num="324" type="stmt" count="5"/>
        <line num="325" type="stmt" count="5"/>
        <line num="327" type="stmt" count="0"/>
        <line num="329" type="stmt" count="6"/>
        <line num="336" type="method" name="wrap" visibility="public" complexity="5" crap="5" count="1"/>
        <line num="338" type="stmt" count="1"/>
        <line num="339" type="stmt" count="1"/>
        <line num="340" type="stmt" count="1"/>
        <line num="341" type="stmt" count="1"/>
        <line num="343" type="stmt" count="1"/>
        <line num="345" type="stmt" count="1"/>
        <line num="347" type="stmt" count="1"/>
        <line num="354" type="method" name="_filterParam" visibility="protected" complexity="4" crap="4" count="7"/>
        <line num="356" type="stmt" count="7"/>
        <line num="357" type="stmt" count="7"/>
        <line num="358" type="stmt" count="7"/>
        <line num="360" type="stmt" count="5"/>
        <line num="361" type="stmt" count="5"/>
        <line num="362" type="stmt" count="5"/>
        <line num="364" type="stmt" count="7"/>
        <line num="375" type="method" name="addCondition" visibility="public" complexity="6" crap="6" count="5"/>
        <line num="377" type="stmt" count="5"/>
        <line num="378" type="stmt" count="5"/>
        <line num="379" type="stmt" count="1"/>
        <line num="380" type="stmt" count="1"/>
        <line num="381" type="stmt" count="5"/>
        <line num="382" type="stmt" count="5"/>
        <line num="383" type="stmt" count="5"/>
        <line num="385" type="stmt" count="1"/>
        <line num="388" type="stmt" count="5"/>
        <line num="396" type="method" name="join" visibility="public" complexity="2" crap="2" count="1"/>
        <line num="398" type="stmt" count="1"/>
        <line num="399" type="stmt" count="1"/>
        <line num="401" type="stmt" count="1"/>
        <line num="408" type="method" name="_addExpression" visibility="protected" complexity="3" crap="3" count="1"/>
        <line num="410" type="stmt" count="1"/>
        <line num="411" type="stmt" count="1"/>
        <line num="413" type="stmt" count="1"/>
        <line num="415" type="stmt" count="1"/>
        <line num="422" type="method" name="_addCondition" visibility="protected" complexity="2" crap="2" count="5"/>
        <line num="424" type="stmt" count="5"/>
        <line num="425" type="stmt" count="5"/>
        <line num="427" type="stmt" count="4"/>
        <line num="429" type="stmt" count="5"/>
        <line num="433" type="method" name="__set" visibility="public" complexity="5" crap="5" count="7"/>
        <line num="435" type="stmt" count="7"/>
        <line num="436" type="stmt" count="7"/>
        <line num="437" type="stmt" count="7"/>
        <line num="438" type="stmt" count="1"/>
        <line num="440" type="stmt" count="7"/>
        <line num="442" type="stmt" count="7"/>
        <line num="446" type="method" name="__unset" visibility="public" complexity="4" crap="4.05" count="1"/>
        <line num="448" type="stmt" count="1"/>
        <line num="449" type="stmt" count="0"/>
        <line num="451" type="stmt" count="1"/>
        <line num="452" type="stmt" count="1"/>
        <line num="454" type="stmt" count="1"/>
        <line num="455" type="stmt" count="1"/>
        <line num="457" type="stmt" count="1"/>
        <metrics loc="471" ncloc="332" classes="1" methods="21" coveredmethods="14" conditionals="0" coveredconditionals="0" statements="131" coveredstatements="118" elements="152" coveredelements="132"/>
      </file>
      <file name="/home/austin/projects/flightphp-active-record/src/Base.php">
        <class name="flight\Base" namespace="flight">
          <metrics complexity="3" methods="2" coveredmethods="2" conditionals="0" coveredconditionals="0" statements="5" coveredstatements="5" elements="7" coveredelements="7"/>
        </class>
        <line num="15" type="method" name="__construct" visibility="public" complexity="2" crap="2" count="7"/>
        <line num="17" type="stmt" count="7"/>
        <line num="18" type="stmt" count="7"/>
        <line num="20" type="stmt" count="7"/>
        <line num="21" type="method" name="__set" visibility="public" complexity="1" crap="1" count="7"/>
        <line num="23" type="stmt" count="7"/>
        <line num="24" type="stmt" count="7"/>
        <metrics loc="30" ncloc="26" classes="1" methods="2" coveredmethods="2" conditionals="0" coveredconditionals="0" statements="5" coveredstatements="5" elements="7" coveredelements="7"/>
      </file>
      <file name="/home/austin/projects/flightphp-active-record/src/Expressions.php">
        <class name="flight\Expressions" namespace="flight">
          <metrics complexity="1" methods="1" coveredmethods="1" conditionals="0" coveredconditionals="0" statements="1" coveredstatements="1" elements="2" coveredelements="2"/>
        </class>
        <line num="17" type="method" name="__toString" visibility="public" complexity="1" crap="1" count="7"/>
        <line num="19" type="stmt" count="7"/>
        <metrics loc="21" ncloc="13" classes="1" methods="1" coveredmethods="1" conditionals="0" coveredconditionals="0" statements="1" coveredstatements="1" elements="2" coveredelements="2"/>
      </file>
      <file name="/home/austin/projects/flightphp-active-record/src/WrapExpressions.php">
        <class name="flight\WrapExpressions" namespace="flight">
          <metrics complexity="4" methods="1" coveredmethods="1" conditionals="0" coveredconditionals="0" statements="3" coveredstatements="3" elements="4" coveredelements="4"/>
        </class>
        <line num="11" type="method" name="__toString" visibility="public" complexity="4" crap="4" count="7"/>
        <line num="13" type="stmt" count="7"/>
        <line num="14" type="stmt" count="7"/>
        <line num="15" type="stmt" count="7"/>
        <metrics loc="17" ncloc="15" classes="1" methods="1" coveredmethods="1" conditionals="0" coveredconditionals="0" statements="3" coveredstatements="3" elements="4" coveredelements="4"/>
      </file>
    </package>
    <metrics files="4" loc="539" ncloc="386" classes="4" methods="25" coveredmethods="18" conditionals="0" coveredconditionals="0" statements="140" coveredstatements="127" elements="165" coveredelements="145"/>
  </project>
</coverage>
